This file contains any messages produced by compilers while
running configure, to aid debugging if configure makes a mistake.

It was created by configure, which was
generated by GNU Autoconf 2.59.  Invocation command line was

  $ ./configure --prefix=/opt/sid-1.2 --prefix=/opt/sid-1.2 --cache-file=/dev/null --srcdir=.

## --------- ##
## Platform. ##
## --------- ##

hostname = sirio
uname -m = i686
uname -r = 2.6.38-11-generic
uname -s = Linux
uname -v = #50-Ubuntu SMP Mon Sep 12 21:18:14 UTC 2011

/usr/bin/uname -p = unknown
/bin/uname -X     = unknown

/bin/arch              = unknown
/usr/bin/arch -k       = unknown
/usr/convex/getsysinfo = unknown
hostinfo               = unknown
/bin/machine           = unknown
/usr/bin/oslevel       = unknown
/bin/universe          = unknown

PATH: /home/adrian/CodeSourcery/Sourcery_G++_Lite/bin
PATH: /usr/matlab/bin
PATH: /home/adrian/.codeSourcery(uCLinux)/bin
PATH: /usr/local/bin
PATH: /usr/bin
PATH: /bin


## ----------- ##
## Core tests. ##
## ----------- ##

configure:1340: checking whether to use symlinks for manpages
configure:1349: result: no
configure:1352: checking compression for manpages
configure:1364: result: no
configure:1426: checking for gcc
configure:1442: found /usr/bin/gcc
configure:1452: result: gcc
configure:1696: checking for C compiler version
configure:1699: gcc --version </dev/null >&5
gcc (Ubuntu/Linaro 4.5.2-8ubuntu4) 4.5.2
Copyright (C) 2010 Free Software Foundation, Inc.
This is free software; see the source for copying conditions.  There is NO
warranty; not even for MERCHANTABILITY or FITNESS FOR A PARTICULAR PURPOSE.

configure:1702: $? = 0
configure:1704: gcc -v </dev/null >&5
Using built-in specs.
COLLECT_GCC=gcc
COLLECT_LTO_WRAPPER=/usr/lib/i386-linux-gnu/gcc/i686-linux-gnu/4.5.2/lto-wrapper
Target: i686-linux-gnu
Configured with: ../src/configure -v --with-pkgversion='Ubuntu/Linaro 4.5.2-8ubuntu4' --with-bugurl=file:///usr/share/doc/gcc-4.5/README.Bugs --enable-languages=c,c++,fortran,objc,obj-c++ --prefix=/usr --program-suffix=-4.5 --enable-shared --enable-multiarch --with-multiarch-defaults=i386-linux-gnu --enable-linker-build-id --with-system-zlib --libexecdir=/usr/lib/i386-linux-gnu --without-included-gettext --enable-threads=posix --with-gxx-include-dir=/usr/include/c++/4.5 --libdir=/usr/lib/i386-linux-gnu --enable-nls --with-sysroot=/ --enable-clocale=gnu --enable-libstdcxx-debug --enable-libstdcxx-time=yes --enable-plugin --enable-gold --enable-ld=default --with-plugin-ld=ld.gold --enable-objc-gc --enable-targets=all --disable-werror --with-arch-32=i686 --with-tune=generic --enable-checking=release --build=i686-linux-gnu --host=i686-linux-gnu --target=i686-linux-gnu
Thread model: posix
gcc version 4.5.2 (Ubuntu/Linaro 4.5.2-8ubuntu4) 
configure:1707: $? = 0
configure:1709: gcc -V </dev/null >&5
gcc: '-V' option must have argument
configure:1712: $? = 1
configure:1735: checking for C compiler default output file name
configure:1738: gcc    conftest.c  >&5
configure:1741: $? = 0
configure:1787: result: a.out
configure:1792: checking whether the C compiler works
configure:1798: ./a.out
configure:1801: $? = 0
configure:1818: result: yes
configure:1825: checking whether we are cross compiling
configure:1827: result: no
configure:1830: checking for suffix of executables
configure:1832: gcc -o conftest    conftest.c  >&5
configure:1835: $? = 0
configure:1860: result: 
configure:1866: checking for suffix of object files
configure:1887: gcc -c   conftest.c >&5
configure:1890: $? = 0
configure:1912: result: o
configure:1916: checking whether we are using the GNU C compiler
configure:1940: gcc -c   conftest.c >&5
configure:1946: $? = 0
configure:1950: test -z 
			 || test ! -s conftest.err
configure:1953: $? = 0
configure:1956: test -s conftest.o
configure:1959: $? = 0
configure:1972: result: yes
configure:1978: checking whether gcc accepts -g
configure:1999: gcc -c -g  conftest.c >&5
configure:2005: $? = 0
configure:2009: test -z 
			 || test ! -s conftest.err
configure:2012: $? = 0
configure:2015: test -s conftest.o
configure:2018: $? = 0
configure:2029: result: yes
configure:2046: checking for gcc option to accept ANSI C
configure:2116: gcc  -c   conftest.c >&5
configure:2122: $? = 0
configure:2126: test -z 
			 || test ! -s conftest.err
configure:2129: $? = 0
configure:2132: test -s conftest.o
configure:2135: $? = 0
configure:2153: result: none needed
configure:2171: gcc -c   conftest.c >&5
conftest.c:2:9: error: expected '=', ',', ';', 'asm' or '__attribute__' before 'me'
configure:2177: $? = 1
configure: failed program was:
| #ifndef __cplusplus
|   choke me
| #endif
configure:2321: checking how to run the C preprocessor
configure:2356: gcc -E  conftest.c
configure:2362: $? = 0
configure:2394: gcc -E  conftest.c
conftest.c:9:28: fatal error: ac_nonexistent.h: No such file or directory
compilation terminated.
configure:2400: $? = 1
configure: failed program was:
| /* confdefs.h.  */
| 
| #define PACKAGE_NAME ""
| #define PACKAGE_TARNAME ""
| #define PACKAGE_VERSION ""
| #define PACKAGE_STRING ""
| #define PACKAGE_BUGREPORT ""
| /* end confdefs.h.  */
| #include <ac_nonexistent.h>
configure:2439: result: gcc -E
configure:2463: gcc -E  conftest.c
configure:2469: $? = 0
configure:2501: gcc -E  conftest.c
conftest.c:9:28: fatal error: ac_nonexistent.h: No such file or directory
compilation terminated.
configure:2507: $? = 1
configure: failed program was:
| /* confdefs.h.  */
| 
| #define PACKAGE_NAME ""
| #define PACKAGE_TARNAME ""
| #define PACKAGE_VERSION ""
| #define PACKAGE_STRING ""
| #define PACKAGE_BUGREPORT ""
| /* end confdefs.h.  */
| #include <ac_nonexistent.h>
configure:2551: checking for egrep
configure:2561: result: grep -E
configure:2566: checking for ANSI C header files
configure:2591: gcc -c   conftest.c >&5
configure:2597: $? = 0
configure:2601: test -z 
			 || test ! -s conftest.err
configure:2604: $? = 0
configure:2607: test -s conftest.o
configure:2610: $? = 0
configure:2699: gcc -o conftest    conftest.c  >&5
conftest.c: In function 'main':
conftest.c:26:7: warning: incompatible implicit declaration of built-in function 'exit'
configure:2702: $? = 0
configure:2704: ./conftest
configure:2707: $? = 0
configure:2722: result: yes
configure:2746: checking for sys/types.h
configure:2762: gcc -c   conftest.c >&5
configure:2768: $? = 0
configure:2772: test -z 
			 || test ! -s conftest.err
configure:2775: $? = 0
configure:2778: test -s conftest.o
configure:2781: $? = 0
configure:2792: result: yes
configure:2746: checking for sys/stat.h
configure:2762: gcc -c   conftest.c >&5
configure:2768: $? = 0
configure:2772: test -z 
			 || test ! -s conftest.err
configure:2775: $? = 0
configure:2778: test -s conftest.o
configure:2781: $? = 0
configure:2792: result: yes
configure:2746: checking for stdlib.h
configure:2762: gcc -c   conftest.c >&5
configure:2768: $? = 0
configure:2772: test -z 
			 || test ! -s conftest.err
configure:2775: $? = 0
configure:2778: test -s conftest.o
configure:2781: $? = 0
configure:2792: result: yes
configure:2746: checking for string.h
configure:2762: gcc -c   conftest.c >&5
configure:2768: $? = 0
configure:2772: test -z 
			 || test ! -s conftest.err
configure:2775: $? = 0
configure:2778: test -s conftest.o
configure:2781: $? = 0
configure:2792: result: yes
configure:2746: checking for memory.h
configure:2762: gcc -c   conftest.c >&5
configure:2768: $? = 0
configure:2772: test -z 
			 || test ! -s conftest.err
configure:2775: $? = 0
configure:2778: test -s conftest.o
configure:2781: $? = 0
configure:2792: result: yes
configure:2746: checking for strings.h
configure:2762: gcc -c   conftest.c >&5
configure:2768: $? = 0
configure:2772: test -z 
			 || test ! -s conftest.err
configure:2775: $? = 0
configure:2778: test -s conftest.o
configure:2781: $? = 0
configure:2792: result: yes
configure:2746: checking for inttypes.h
configure:2762: gcc -c   conftest.c >&5
configure:2768: $? = 0
configure:2772: test -z 
			 || test ! -s conftest.err
configure:2775: $? = 0
configure:2778: test -s conftest.o
configure:2781: $? = 0
configure:2792: result: yes
configure:2746: checking for stdint.h
configure:2762: gcc -c   conftest.c >&5
configure:2768: $? = 0
configure:2772: test -z 
			 || test ! -s conftest.err
configure:2775: $? = 0
configure:2778: test -s conftest.o
configure:2781: $? = 0
configure:2792: result: yes
configure:2746: checking for unistd.h
configure:2762: gcc -c   conftest.c >&5
configure:2768: $? = 0
configure:2772: test -z 
			 || test ! -s conftest.err
configure:2775: $? = 0
configure:2778: test -s conftest.o
configure:2781: $? = 0
configure:2792: result: yes
configure:2810: checking for unistd.h
configure:2815: result: yes
configure:2819: checking limits.h usability
configure:2831: gcc -c   conftest.c >&5
configure:2837: $? = 0
configure:2841: test -z 
			 || test ! -s conftest.err
configure:2844: $? = 0
configure:2847: test -s conftest.o
configure:2850: $? = 0
configure:2860: result: yes
configure:2864: checking limits.h presence
configure:2874: gcc -E  conftest.c
configure:2880: $? = 0
configure:2900: result: yes
configure:2935: checking for limits.h
configure:2942: result: yes
configure:2961: checking for building with threads
configure:3581: result: no (default)
configure:3594: checking if the compiler understands -pipe
configure:3614: gcc -pipe -c   conftest.c >&5
configure:3620: $? = 0
configure:3624: test -z 
			 || test ! -s conftest.err
configure:3627: $? = 0
configure:3630: test -s conftest.o
configure:3633: $? = 0
configure:3635: result: yes
configure:3654: checking for required early compiler flags
configure:3677: gcc -pipe -c   conftest.c >&5
configure:3683: $? = 0
configure:3687: test -z 
			 || test ! -s conftest.err
configure:3690: $? = 0
configure:3693: test -s conftest.o
configure:3696: $? = 0
configure:3780: gcc -pipe -c   conftest.c >&5
conftest.c: In function 'main':
conftest.c:25:15: error: storage size of 'buf' isn't known
configure:3786: $? = 1
configure: failed program was:
| /* confdefs.h.  */
| 
| #define PACKAGE_NAME ""
| #define PACKAGE_TARNAME ""
| #define PACKAGE_VERSION ""
| #define PACKAGE_STRING ""
| #define PACKAGE_BUGREPORT ""
| #define STDC_HEADERS 1
| #define HAVE_SYS_TYPES_H 1
| #define HAVE_SYS_STAT_H 1
| #define HAVE_STDLIB_H 1
| #define HAVE_STRING_H 1
| #define HAVE_MEMORY_H 1
| #define HAVE_STRINGS_H 1
| #define HAVE_INTTYPES_H 1
| #define HAVE_STDINT_H 1
| #define HAVE_UNISTD_H 1
| #define HAVE_UNISTD_H 1
| #define HAVE_LIMITS_H 1
| /* end confdefs.h.  */
| #include <sys/stat.h>
| int
| main ()
| {
| struct stat64 buf; int i = stat64("/", &buf);
|   ;
|   return 0;
| }
configure:3823: gcc -pipe -c   conftest.c >&5
configure:3829: $? = 0
configure:3833: test -z 
			 || test ! -s conftest.err
configure:3836: $? = 0
configure:3839: test -s conftest.o
configure:3842: $? = 0
configure:3867: result:  _LARGEFILE64_SOURCE
configure:3872: checking for 64-bit integer type
configure:3896: gcc -pipe -c   conftest.c >&5
conftest.c: In function 'main':
conftest.c:26:1: error: '__int64' undeclared (first use in this function)
conftest.c:26:1: note: each undeclared identifier is reported only once for each function it appears in
conftest.c:26:9: error: expected ';' before 'value'
configure:3902: $? = 1
configure: failed program was:
| /* confdefs.h.  */
| 
| #define PACKAGE_NAME ""
| #define PACKAGE_TARNAME ""
| #define PACKAGE_VERSION ""
| #define PACKAGE_STRING ""
| #define PACKAGE_BUGREPORT ""
| #define STDC_HEADERS 1
| #define HAVE_SYS_TYPES_H 1
| #define HAVE_SYS_STAT_H 1
| #define HAVE_STDLIB_H 1
| #define HAVE_STRING_H 1
| #define HAVE_MEMORY_H 1
| #define HAVE_STRINGS_H 1
| #define HAVE_INTTYPES_H 1
| #define HAVE_STDINT_H 1
| #define HAVE_UNISTD_H 1
| #define HAVE_UNISTD_H 1
| #define HAVE_LIMITS_H 1
| #define _LARGEFILE64_SOURCE 1
| /* end confdefs.h.  */
| 
| int
| main ()
| {
| __int64 value = (__int64) 0;
|   ;
|   return 0;
| }
configure:3942: gcc -pipe -o conftest    conftest.c  >&5
conftest.c: In function 'main':
conftest.c:23:18: warning: incompatible implicit declaration of built-in function 'exit'
configure:3945: $? = 0
configure:3947: ./conftest
configure:3950: $? = 0
configure:3977: result: long long
configure:3981: checking for struct dirent64
configure:4004: gcc -pipe -c   conftest.c >&5
conftest.c:24:24: fatal error: sys/dirent.h: No such file or directory
compilation terminated.
configure:4010: $? = 1
configure: failed program was:
| /* confdefs.h.  */
| 
| #define PACKAGE_NAME ""
| #define PACKAGE_TARNAME ""
| #define PACKAGE_VERSION ""
| #define PACKAGE_STRING ""
| #define PACKAGE_BUGREPORT ""
| #define STDC_HEADERS 1
| #define HAVE_SYS_TYPES_H 1
| #define HAVE_SYS_STAT_H 1
| #define HAVE_STDLIB_H 1
| #define HAVE_STRING_H 1
| #define HAVE_MEMORY_H 1
| #define HAVE_STRINGS_H 1
| #define HAVE_INTTYPES_H 1
| #define HAVE_STDINT_H 1
| #define HAVE_UNISTD_H 1
| #define HAVE_UNISTD_H 1
| #define HAVE_LIMITS_H 1
| #define _LARGEFILE64_SOURCE 1
| #define TCL_WIDE_INT_TYPE long long
| /* end confdefs.h.  */
| #include <sys/types.h>
| #include <sys/dirent.h>
| int
| main ()
| {
| struct dirent64 p;
|   ;
|   return 0;
| }
configure:4041: result: no
configure:4044: checking for struct stat64
configure:4067: gcc -pipe -c   conftest.c >&5
configure:4073: $? = 0
configure:4077: test -z 
			 || test ! -s conftest.err
configure:4080: $? = 0
configure:4083: test -s conftest.o
configure:4086: $? = 0
configure:4104: result: yes
configure:4107: checking for off64_t
configure:4130: gcc -pipe -c   conftest.c >&5
configure:4136: $? = 0
configure:4140: test -z 
			 || test ! -s conftest.err
configure:4143: $? = 0
configure:4146: test -s conftest.o
configure:4149: $? = 0
configure:4167: result: yes
configure:4191: checking for Tcl configuration
configure:4262: result: found /home/adrian/_ETSIT-UPM/BECA-SimAntares/sid-1.2/src/tcl/unix/tclConfig.sh
configure:4268: checking for existence of /home/adrian/_ETSIT-UPM/BECA-SimAntares/sid-1.2/src/tcl/unix/tclConfig.sh
configure:4272: result: loading
configure:4325: checking how to build libraries
configure:4347: result: static
configure:4398: checking for ranlib
configure:4414: found /usr/local/bin/ranlib
configure:4425: result: ranlib
configure:4441: checking if 64bit support is requested
configure:4456: result: no
configure:4461: checking if 64bit Sparc VIS support is requested
configure:4478: result: no
configure:4485: checking system version (for dynamic loading)
configure:4505: result: Linux-2.6.38-11-generic
configure:4513: checking for dlopen in -ldl
configure:4543: gcc -pipe -o conftest    conftest.c -ldl   >&5
configure:4549: $? = 0
configure:4553: test -z 
			 || test ! -s conftest.err
configure:4556: $? = 0
configure:4559: test -s conftest
configure:4562: $? = 0
configure:4575: result: yes
configure:4609: checking for ar
configure:4625: found /usr/local/bin/ar
configure:4635: result: ar
configure:6465: checking for build with symbols
configure:6479: result: no
configure:6531: checking for sin
configure:6588: gcc -pipe -o conftest   -rdynamic conftest.c  >&5
conftest.c:51:6: warning: conflicting types for built-in function 'sin'
/tmp/ccOniDYF.o: In function `main':
conftest.c:(.text+0x9): undefined reference to `sin'
/tmp/ccOniDYF.o:(.data+0x0): undefined reference to `sin'
collect2: ld returned 1 exit status
configure:6594: $? = 1
configure: failed program was:
| /* confdefs.h.  */
| 
| #define PACKAGE_NAME ""
| #define PACKAGE_TARNAME ""
| #define PACKAGE_VERSION ""
| #define PACKAGE_STRING ""
| #define PACKAGE_BUGREPORT ""
| #define STDC_HEADERS 1
| #define HAVE_SYS_TYPES_H 1
| #define HAVE_SYS_STAT_H 1
| #define HAVE_STDLIB_H 1
| #define HAVE_STRING_H 1
| #define HAVE_MEMORY_H 1
| #define HAVE_STRINGS_H 1
| #define HAVE_INTTYPES_H 1
| #define HAVE_STDINT_H 1
| #define HAVE_UNISTD_H 1
| #define HAVE_UNISTD_H 1
| #define HAVE_LIMITS_H 1
| #define _LARGEFILE64_SOURCE 1
| #define TCL_WIDE_INT_TYPE long long
| #define HAVE_STRUCT_STAT64 1
| #define HAVE_TYPE_OFF64_T 1
| #define STATIC_BUILD 1
| #define PEEK_XCLOSEIM 1
| /* end confdefs.h.  */
| /* Define sin to an innocuous variant, in case <limits.h> declares sin.
|    For example, HP-UX 11i <limits.h> declares gettimeofday.  */
| #define sin innocuous_sin
| 
| /* System header to define __stub macros and hopefully few prototypes,
|     which can conflict with char sin (); below.
|     Prefer <limits.h> to <assert.h> if __STDC__ is defined, since
|     <limits.h> exists even on freestanding compilers.  */
| 
| #ifdef __STDC__
| # include <limits.h>
| #else
| # include <assert.h>
| #endif
| 
| #undef sin
| 
| /* Override any gcc2 internal prototype to avoid an error.  */
| #ifdef __cplusplus
| extern "C"
| {
| #endif
| /* We use char because int might match the return type of a gcc2
|    builtin and then its argument prototype would still apply.  */
| char sin ();
| /* The GNU C library defines this for functions which it implements
|     to always fail with ENOSYS.  Some functions are actually named
|     something starting with __ and the normal name is an alias.  */
| #if defined (__stub_sin) || defined (__stub___sin)
| choke me
| #else
| char (*f) () = sin;
| #endif
| #ifdef __cplusplus
| }
| #endif
| 
| int
| main ()
| {
| return f != sin;
|   ;
|   return 0;
| }
configure:6619: result: no
configure:6627: checking for main in -lieee
configure:6651: gcc -pipe -o conftest   -rdynamic conftest.c -lieee   >&5
configure:6657: $? = 0
configure:6661: test -z 
			 || test ! -s conftest.err
configure:6664: $? = 0
configure:6667: test -s conftest
configure:6670: $? = 0
configure:6683: result: yes
configure:6777: checking stdlib.h
configure:6836: result: yes
configure:6849: checking fd_set and sys/select
configure:6867: gcc -pipe -c   conftest.c >&5
configure:6873: $? = 0
configure:6877: test -z 
			 || test ! -s conftest.err
configure:6880: $? = 0
configure:6883: test -s conftest.o
configure:6886: $? = 0
configure:6919: result: yes
configure:6933: checking for mode_t
configure:6957: gcc -pipe -c   conftest.c >&5
configure:6963: $? = 0
configure:6967: test -z 
			 || test ! -s conftest.err
configure:6970: $? = 0
configure:6973: test -s conftest.o
configure:6976: $? = 0
configure:6987: result: yes
configure:6999: checking for pid_t
configure:7023: gcc -pipe -c   conftest.c >&5
configure:7029: $? = 0
configure:7033: test -z 
			 || test ! -s conftest.err
configure:7036: $? = 0
configure:7039: test -s conftest.o
configure:7042: $? = 0
configure:7053: result: yes
configure:7065: checking for size_t
configure:7089: gcc -pipe -c   conftest.c >&5
configure:7095: $? = 0
configure:7099: test -z 
			 || test ! -s conftest.err
configure:7102: $? = 0
configure:7105: test -s conftest.o
configure:7108: $? = 0
configure:7119: result: yes
configure:7131: checking for uid_t in sys/types.h
configure:7154: result: yes
configure:7188: checking sys/time.h usability
configure:7200: gcc -pipe -c   conftest.c >&5
configure:7206: $? = 0
configure:7210: test -z 
			 || test ! -s conftest.err
configure:7213: $? = 0
configure:7216: test -s conftest.o
configure:7219: $? = 0
configure:7229: result: yes
configure:7233: checking sys/time.h presence
configure:7243: gcc -E  conftest.c
configure:7249: $? = 0
configure:7269: result: yes
configure:7304: checking for sys/time.h
configure:7311: result: yes
configure:7324: checking whether time.h and sys/time.h may both be included
configure:7349: gcc -pipe -c   conftest.c >&5
configure:7355: $? = 0
configure:7359: test -z 
			 || test ! -s conftest.err
configure:7362: $? = 0
configure:7365: test -s conftest.o
configure:7368: $? = 0
configure:7379: result: yes
configure:7394: checking pw_gecos in struct pwd
configure:7412: gcc -pipe -c   conftest.c >&5
configure:7418: $? = 0
configure:7422: test -z 
			 || test ! -s conftest.err
configure:7425: $? = 0
configure:7428: test -s conftest.o
configure:7431: $? = 0
configure:7441: result: yes
configure:7460: checking for X
configure:7565: gcc -E  conftest.c
configure:7571: $? = 0
configure:7621: gcc -pipe -o conftest   -rdynamic conftest.c -lXt  >&5
configure:7627: $? = 0
configure:7631: test -z 
			 || test ! -s conftest.err
configure:7634: $? = 0
configure:7637: test -s conftest
configure:7640: $? = 0
configure:7690: result: libraries , headers 
configure:7705: gcc -E  conftest.c
conftest.c:30:28: fatal error: X11/XIntrinsic.h: No such file or directory
compilation terminated.
configure:7711: $? = 1
configure: failed program was:
| /* confdefs.h.  */
| 
| #define PACKAGE_NAME ""
| #define PACKAGE_TARNAME ""
| #define PACKAGE_VERSION ""
| #define PACKAGE_STRING ""
| #define PACKAGE_BUGREPORT ""
| #define STDC_HEADERS 1
| #define HAVE_SYS_TYPES_H 1
| #define HAVE_SYS_STAT_H 1
| #define HAVE_STDLIB_H 1
| #define HAVE_STRING_H 1
| #define HAVE_MEMORY_H 1
| #define HAVE_STRINGS_H 1
| #define HAVE_INTTYPES_H 1
| #define HAVE_STDINT_H 1
| #define HAVE_UNISTD_H 1
| #define HAVE_UNISTD_H 1
| #define HAVE_LIMITS_H 1
| #define _LARGEFILE64_SOURCE 1
| #define TCL_WIDE_INT_TYPE long long
| #define HAVE_STRUCT_STAT64 1
| #define HAVE_TYPE_OFF64_T 1
| #define STATIC_BUILD 1
| #define PEEK_XCLOSEIM 1
| #define HAVE_SYS_TIME_H 1
| #define TIME_WITH_SYS_TIME 1
| #define HAVE_PW_GECOS 1
| /* end confdefs.h.  */
| #include <X11/XIntrinsic.h>
configure:7738: checking for X11 header files
configure:7749: gcc -E  conftest.c
configure:7755: $? = 0
configure:7942: checking for main in -lXbsd
configure:7966: gcc -pipe -o conftest   -rdynamic conftest.c -lXbsd   >&5
/usr/local/bin/ld: cannot find -lXbsd
collect2: ld returned 1 exit status
configure:7972: $? = 1
configure: failed program was:
| /* confdefs.h.  */
| 
| #define PACKAGE_NAME ""
| #define PACKAGE_TARNAME ""
| #define PACKAGE_VERSION ""
| #define PACKAGE_STRING ""
| #define PACKAGE_BUGREPORT ""
| #define STDC_HEADERS 1
| #define HAVE_SYS_TYPES_H 1
| #define HAVE_SYS_STAT_H 1
| #define HAVE_STDLIB_H 1
| #define HAVE_STRING_H 1
| #define HAVE_MEMORY_H 1
| #define HAVE_STRINGS_H 1
| #define HAVE_INTTYPES_H 1
| #define HAVE_STDINT_H 1
| #define HAVE_UNISTD_H 1
| #define HAVE_UNISTD_H 1
| #define HAVE_LIMITS_H 1
| #define _LARGEFILE64_SOURCE 1
| #define TCL_WIDE_INT_TYPE long long
| #define HAVE_STRUCT_STAT64 1
| #define HAVE_TYPE_OFF64_T 1
| #define STATIC_BUILD 1
| #define PEEK_XCLOSEIM 1
| #define HAVE_SYS_TIME_H 1
| #define TIME_WITH_SYS_TIME 1
| #define HAVE_PW_GECOS 1
| /* end confdefs.h.  */
| 
| 
| int
| main ()
| {
| main ();
|   ;
|   return 0;
| }
configure:7998: result: no
configure:8006: checking for connect
configure:8063: gcc -pipe -o conftest   -rdynamic conftest.c  >&5
configure:8069: $? = 0
configure:8073: test -z 
			 || test ! -s conftest.err
configure:8076: $? = 0
configure:8079: test -s conftest
configure:8082: $? = 0
configure:8094: result: yes
configure:8268: checking for gethostbyname
configure:8325: gcc -pipe -o conftest   -rdynamic conftest.c  >&5
configure:8331: $? = 0
configure:8335: test -z 
			 || test ! -s conftest.err
configure:8338: $? = 0
configure:8341: test -s conftest
configure:8344: $? = 0
configure:8356: result: yes
configure:8516: checking for sin
configure:8604: result: no
configure:8612: checking for main in -lieee
configure:8668: result: yes
configure:8681: checking whether char is unsigned
configure:8704: gcc -pipe -c   conftest.c >&5
configure:8710: $? = 0
configure:8714: test -z 
			 || test ! -s conftest.err
configure:8717: $? = 0
configure:8720: test -s conftest.o
configure:8723: $? = 0
configure:8734: result: no
configure:8752: checking for strtod
configure:8809: gcc -pipe -o conftest   -rdynamic conftest.c  >&5
configure:8815: $? = 0
configure:8819: test -z 
			 || test ! -s conftest.err
configure:8822: $? = 0
configure:8825: test -s conftest
configure:8828: $? = 0
configure:8840: result: yes
configure:8849: checking for Solaris2.4/Tru64 strtod bugs
configure:8886: gcc -pipe -o conftest   -rdynamic conftest.c  >&5
conftest.c: In function 'main':
conftest.c:38:4: warning: incompatible implicit declaration of built-in function 'exit'
conftest.c:42:4: warning: incompatible implicit declaration of built-in function 'exit'
conftest.c:46:4: warning: incompatible implicit declaration of built-in function 'exit'
conftest.c:48:7: warning: incompatible implicit declaration of built-in function 'exit'
configure:8889: $? = 0
configure:8891: ./conftest
configure:8894: $? = 0
configure:8910: result: ok
configure:9163: creating ./config.status

## ---------------------- ##
## Running config.status. ##
## ---------------------- ##

This file was extended by config.status, which was
generated by GNU Autoconf 2.59.  Invocation command line was

  CONFIG_FILES    = 
  CONFIG_HEADERS  = 
  CONFIG_LINKS    = 
  CONFIG_COMMANDS = 
  $ ./config.status 

on sirio

config.status:699: creating Makefile
config.status:699: creating tkConfig.sh

## ---------------- ##
## Cache variables. ##
## ---------------- ##

ac_cv_c_char_unsigned=no
ac_cv_c_compiler_gnu=yes
ac_cv_c_tclconfig=/home/adrian/_ETSIT-UPM/BECA-SimAntares/sid-1.2/src/tcl/unix
ac_cv_env_CC_set=
ac_cv_env_CC_value=
ac_cv_env_CFLAGS_set=
ac_cv_env_CFLAGS_value=
ac_cv_env_CPPFLAGS_set=
ac_cv_env_CPPFLAGS_value=
ac_cv_env_CPP_set=
ac_cv_env_CPP_value=
ac_cv_env_LDFLAGS_set=
ac_cv_env_LDFLAGS_value=
ac_cv_env_build_alias_set=
ac_cv_env_build_alias_value=
ac_cv_env_host_alias_set=
ac_cv_env_host_alias_value=
ac_cv_env_target_alias_set=
ac_cv_env_target_alias_value=
ac_cv_exeext=
ac_cv_func_connect=yes
ac_cv_func_gethostbyname=yes
ac_cv_func_sin=no
ac_cv_func_strtod=yes
ac_cv_have_x='have_x=yes 		ac_x_includes= ac_x_libraries='
ac_cv_header_inttypes_h=yes
ac_cv_header_limits_h=yes
ac_cv_header_memory_h=yes
ac_cv_header_stdc=yes
ac_cv_header_stdint_h=yes
ac_cv_header_stdlib_h=yes
ac_cv_header_string_h=yes
ac_cv_header_strings_h=yes
ac_cv_header_sys_stat_h=yes
ac_cv_header_sys_time_h=yes
ac_cv_header_sys_types_h=yes
ac_cv_header_time=yes
ac_cv_header_unistd_h=yes
ac_cv_lib_Xbsd_main=no
ac_cv_lib_dl_dlopen=yes
ac_cv_lib_ieee_main=yes
ac_cv_objext=o
ac_cv_prog_AR=ar
ac_cv_prog_CPP='gcc -E'
ac_cv_prog_ac_ct_CC=gcc
ac_cv_prog_ac_ct_RANLIB=ranlib
ac_cv_prog_cc_g=yes
ac_cv_prog_cc_stdc=
ac_cv_prog_egrep='grep -E'
ac_cv_type_mode_t=yes
ac_cv_type_pid_t=yes
ac_cv_type_size_t=yes
ac_cv_type_uid_t=yes
tcl_cv_flag__isoc99_source=no
tcl_cv_flag__largefile64_source=yes
tcl_cv_strtod_buggy=1
tcl_cv_struct_dirent64=no
tcl_cv_struct_stat64=yes
tcl_cv_type_64bit='long long'
tcl_cv_type_off64_t=yes

## ----------------- ##
## Output variables. ##
## ----------------- ##

AR='ar'
CC='gcc -pipe'
CC_SEARCH_FLAGS='-Wl,-rpath,${LIB_RUNTIME_DIR}'
CFLAGS=''
CFLAGS_DEBUG='-g'
CFLAGS_DEFAULT='$(CFLAGS_OPTIMIZE)'
CFLAGS_OPTIMIZE=' -D__NO_STRING_INLINES -D__NO_MATH_INLINES'
CFLAGS_WARNING='-Wall -Wconversion -Wno-implicit-int'
CPP='gcc -E'
CPPFLAGS=''
DEFS='-DPACKAGE_NAME=\"\" -DPACKAGE_TARNAME=\"\" -DPACKAGE_VERSION=\"\" -DPACKAGE_STRING=\"\" -DPACKAGE_BUGREPORT=\"\" -DSTDC_HEADERS=1 -DHAVE_SYS_TYPES_H=1 -DHAVE_SYS_STAT_H=1 -DHAVE_STDLIB_H=1 -DHAVE_STRING_H=1 -DHAVE_MEMORY_H=1 -DHAVE_STRINGS_H=1 -DHAVE_INTTYPES_H=1 -DHAVE_STDINT_H=1 -DHAVE_UNISTD_H=1 -DHAVE_UNISTD_H=1 -DHAVE_LIMITS_H=1 -D_LARGEFILE64_SOURCE=1 -DTCL_WIDE_INT_TYPE=long\ long -DHAVE_STRUCT_STAT64=1 -DHAVE_TYPE_OFF64_T=1 -DSTATIC_BUILD=1 -DPEEK_XCLOSEIM=1 -DHAVE_SYS_TIME_H=1 -DTIME_WITH_SYS_TIME=1 -DHAVE_PW_GECOS=1 '
DL_LIBS='-ldl'
DL_OBJS='tclLoadDl.o'
ECHO_C=''
ECHO_N='-n'
ECHO_T=''
EGREP='grep -E'
EXEEXT=''
EXTRA_CFLAGS=''
INSTALL_LIB='$(INSTALL_LIBRARY) $(LIB_FILE) $(LIB_INSTALL_DIR)/$(LIB_FILE) ; (cd $(LIB_INSTALL_DIR) ; $(RANLIB) $(LIB_FILE))'
INSTALL_STUB_LIB='$(INSTALL_LIBRARY) $(STUB_LIB_FILE) $(LIB_INSTALL_DIR)/$(STUB_LIB_FILE) ; (cd $(LIB_INSTALL_DIR) ; $(RANLIB) $(STUB_LIB_FILE))'
LDFLAGS='-rdynamic'
LDFLAGS_DEBUG=''
LDFLAGS_DEFAULT='$(LDFLAGS_OPTIMIZE)'
LDFLAGS_OPTIMIZE=''
LD_LIBRARY_PATH_VAR='LD_LIBRARY_PATH'
LD_SEARCH_FLAGS='-Wl,-rpath,${LIB_RUNTIME_DIR}'
LIBOBJS=''
LIBS=''
LOCALES='cs de el en en_gb es fr it nl ru'
LTLIBOBJS=''
MAKE_LIB='${STLIB_LD} $@ ${OBJS} ; ${RANLIB} $@'
MAKE_STUB_LIB='${STLIB_LD} $@ ${STUB_LIB_OBJS} ; ${RANLIB} $@'
MATH_LIBS='-lieee -lm'
MKLINKS_FLAGS=''
OBJEXT='o'
PACKAGE_BUGREPORT=''
PACKAGE_NAME=''
PACKAGE_STRING=''
PACKAGE_TARNAME=''
PACKAGE_VERSION=''
PATH_SEPARATOR=':'
PLAT_OBJS=''
RANLIB='ranlib'
SHELL='/bin/sh'
SHLIB_CFLAGS='-fPIC'
SHLIB_LD='gcc -pipe -shared'
SHLIB_LD_FLAGS=''
SHLIB_LD_LIBS='${LIBS}'
SHLIB_SUFFIX='.so'
STLIB_LD='${AR} cr'
TCL_BIN_DIR='/home/adrian/_ETSIT-UPM/BECA-SimAntares/sid-1.2/src/tcl/unix'
TCL_LIB_FILE='libtcl8.4.a'
TCL_LIB_FLAG='-ltcl8.4'
TCL_LIB_SPEC='-L/home/adrian/_ETSIT-UPM/BECA-SimAntares/sid-1.2/src/tcl/unix -ltcl8.4'
TCL_SHLIB_LD_EXTRAS=''
TCL_SRC_DIR='/home/adrian/_ETSIT-UPM/BECA-SimAntares/sid-1.2/src/tcl'
TCL_STUB_FLAGS=''
TCL_STUB_LIB_FILE='libtclstub8.4.a'
TCL_STUB_LIB_FLAG='-ltclstub8.4'
TCL_STUB_LIB_SPEC='-L/home/adrian/_ETSIT-UPM/BECA-SimAntares/sid-1.2/src/tcl/unix -ltclstub8.4'
TCL_THREADS='0'
TCL_VERSION='8.4'
TK_BUILD_EXP_FILE=''
TK_BUILD_LIB_SPEC='-L/home/adrian/_ETSIT-UPM/BECA-SimAntares/sid-1.2/src/tk/unix -ltk8.4'
TK_BUILD_STUB_LIB_PATH='/home/adrian/_ETSIT-UPM/BECA-SimAntares/sid-1.2/src/tk/unix/libtkstub8.4.a'
TK_BUILD_STUB_LIB_SPEC='-L/home/adrian/_ETSIT-UPM/BECA-SimAntares/sid-1.2/src/tk/unix -ltkstub8.4'
TK_DBGX=''
TK_EXP_FILE=''
TK_LIB_FILE='libtk8.4.a'
TK_LIB_FLAG='-ltk8.4'
TK_LIB_SPEC='-L/opt/sid-1.2/lib -ltk8.4'
TK_MAJOR_VERSION='8'
TK_MINOR_VERSION='4'
TK_PATCH_LEVEL='.1'
TK_SHARED_BUILD='0'
TK_SHLIB_LD_EXTRAS=''
TK_SRC_DIR='/home/adrian/_ETSIT-UPM/BECA-SimAntares/sid-1.2/src/tk'
TK_STUB_FLAGS=''
TK_STUB_LIB_FILE='libtkstub8.4.a'
TK_STUB_LIB_FLAG='-ltkstub8.4'
TK_STUB_LIB_PATH='/opt/sid-1.2/lib/libtkstub8.4.a'
TK_STUB_LIB_SPEC='-L/opt/sid-1.2/lib -ltkstub8.4'
TK_VERSION='8.4'
XINCLUDES=''
XLIBSW='-lX11'
ac_ct_CC='gcc'
ac_ct_RANLIB='ranlib'
bindir='${exec_prefix}/bin'
build_alias=''
datadir='${prefix}/share'
exec_prefix='/opt/sid-1.2'
host_alias=''
includedir='${prefix}/include'
infodir='${prefix}/info'
libdir='/opt/sid-1.2/lib'
libexecdir='${exec_prefix}/libexec'
localstatedir='${prefix}/var'
mandir='${prefix}/man'
oldincludedir='/usr/include'
prefix='/opt/sid-1.2'
program_transform_name='s,x,x,'
sbindir='${exec_prefix}/sbin'
sharedstatedir='${prefix}/com'
sysconfdir='${prefix}/etc'
target_alias=''

## ----------- ##
## confdefs.h. ##
## ----------- ##

#define HAVE_INTTYPES_H 1
#define HAVE_LIMITS_H 1
#define HAVE_MEMORY_H 1
#define HAVE_PW_GECOS 1
#define HAVE_STDINT_H 1
#define HAVE_STDLIB_H 1
#define HAVE_STRINGS_H 1
#define HAVE_STRING_H 1
#define HAVE_STRUCT_STAT64 1
#define HAVE_SYS_STAT_H 1
#define HAVE_SYS_TIME_H 1
#define HAVE_SYS_TYPES_H 1
#define HAVE_TYPE_OFF64_T 1
#define HAVE_UNISTD_H 1
#define HAVE_UNISTD_H 1
#define PACKAGE_BUGREPORT ""
#define PACKAGE_NAME ""
#define PACKAGE_STRING ""
#define PACKAGE_TARNAME ""
#define PACKAGE_VERSION ""
#define PEEK_XCLOSEIM 1
#define STATIC_BUILD 1
#define STDC_HEADERS 1
#define TCL_WIDE_INT_TYPE long long
#define TIME_WITH_SYS_TIME 1
#define _LARGEFILE64_SOURCE 1

configure: exit 0
